2025-04-06T11:58:36.572+05:30  INFO 1420 --- [wallet-transaction] [main] c.example.WalletTransactionApplication   : Starting WalletTransactionApplication using Java 17.0.10 with PID 1420 (D:\Albin\bckup\MY_WORK_SPACES\jbdl6_MajorProject\wallet-transaction\target\classes started by ALBIN XAVIER in D:\Albin\bckup\MY_WORK_SPACES\jbdl6_MajorProject\wallet-transaction)
2025-04-06T11:58:36.579+05:30  INFO 1420 --- [wallet-transaction] [main] c.example.WalletTransactionApplication   : No active profile set, falling back to 1 default profile: "default"
2025-04-06T11:58:38.080+05:30  INFO 1420 --- [wallet-transaction] [main] o.s.cloud.context.scope.GenericScope     : BeanFactory id=375cd419-5ca5-3eca-8f8c-6adc26ca9387
2025-04-06T11:58:38.513+05:30  INFO 1420 --- [wallet-transaction] [main] o.s.b.w.embedded.tomcat.TomcatWebServer  : Tomcat initialized with port 9000 (http)
2025-04-06T11:58:38.534+05:30  INFO 1420 --- [wallet-transaction] [main] o.apache.catalina.core.StandardService   : Starting service [Tomcat]
2025-04-06T11:58:38.535+05:30  INFO 1420 --- [wallet-transaction] [main] o.apache.catalina.core.StandardEngine    : Starting Servlet engine: [Apache Tomcat/10.1.39]
2025-04-06T11:58:38.664+05:30  INFO 1420 --- [wallet-transaction] [main] o.a.c.c.C.[Tomcat].[localhost].[/]       : Initializing Spring embedded WebApplicationContext
2025-04-06T11:58:38.665+05:30  INFO 1420 --- [wallet-transaction] [main] w.s.c.ServletWebServerApplicationContext : Root WebApplicationContext: initialization completed in 1997 ms
2025-04-06T11:58:40.262+05:30  INFO 1420 --- [wallet-transaction] [main] DiscoveryClientOptionalArgsConfiguration : Eureka HTTP Client uses RestTemplate.
2025-04-06T11:58:40.495+05:30  WARN 1420 --- [wallet-transaction] [main] iguration$LoadBalancerCaffeineWarnLogger : Spring Cloud LoadBalancer is currently working with the default cache. While this cache implementation is useful for development and tests, it's recommended to use Caffeine cache in production.You can switch to using Caffeine cache, by adding it and org.springframework.cache.caffeine.CaffeineCacheManager to the classpath.
2025-04-06T11:58:40.674+05:30  INFO 1420 --- [wallet-transaction] [main] o.s.c.n.eureka.InstanceInfoFactory       : Setting initial instance status as: STARTING
2025-04-06T11:58:40.716+05:30  INFO 1420 --- [wallet-transaction] [main] com.netflix.discovery.DiscoveryClient    : Initializing Eureka in region us-east-1
2025-04-06T11:58:40.724+05:30  INFO 1420 --- [wallet-transaction] [main] c.n.d.s.r.aws.ConfigClusterResolver      : Resolving eureka endpoints via configuration
2025-04-06T11:58:40.737+05:30  INFO 1420 --- [wallet-transaction] [main] com.netflix.discovery.DiscoveryClient    : Disable delta property : false
2025-04-06T11:58:40.738+05:30  INFO 1420 --- [wallet-transaction] [main] com.netflix.discovery.DiscoveryClient    : Single vip registry refresh property : null
2025-04-06T11:58:40.738+05:30  INFO 1420 --- [wallet-transaction] [main] com.netflix.discovery.DiscoveryClient    : Force full registry fetch : false
2025-04-06T11:58:40.739+05:30  INFO 1420 --- [wallet-transaction] [main] com.netflix.discovery.DiscoveryClient    : Application is null : false
2025-04-06T11:58:40.740+05:30  INFO 1420 --- [wallet-transaction] [main] com.netflix.discovery.DiscoveryClient    : Registered Applications size is zero : true
2025-04-06T11:58:40.740+05:30  INFO 1420 --- [wallet-transaction] [main] com.netflix.discovery.DiscoveryClient    : Application version is -1: true
2025-04-06T11:58:40.740+05:30  INFO 1420 --- [wallet-transaction] [main] com.netflix.discovery.DiscoveryClient    : Getting all instance registry info from the eureka server
2025-04-06T11:58:41.853+05:30  INFO 1420 --- [wallet-transaction] [main] com.netflix.discovery.DiscoveryClient    : The response status is 200
2025-04-06T11:58:41.859+05:30  INFO 1420 --- [wallet-transaction] [main] com.netflix.discovery.DiscoveryClient    : Starting heartbeat executor: renew interval is: 30
2025-04-06T11:58:41.862+05:30  INFO 1420 --- [wallet-transaction] [main] c.n.discovery.InstanceInfoReplicator     : InstanceInfoReplicator onDemand update allowed rate per min is 4
2025-04-06T11:58:41.871+05:30  INFO 1420 --- [wallet-transaction] [main] com.netflix.discovery.DiscoveryClient    : Discovery Client initialized at timestamp 1743920921868 with initial instances count: 5
2025-04-06T11:58:41.876+05:30  INFO 1420 --- [wallet-transaction] [main] o.s.c.n.e.s.EurekaServiceRegistry        : Registering application WALLET-TRANSACTION with eureka with status UP
2025-04-06T11:58:41.877+05:30  INFO 1420 --- [wallet-transaction] [main] com.netflix.discovery.DiscoveryClient    : Saw local status change event StatusChangeEvent [timestamp=1743920921877, current=UP, previous=STARTING]
2025-04-06T11:58:41.880+05:30  INFO 1420 --- [wallet-transaction] [DiscoveryClient-InstanceInfoReplicator-%d] com.netflix.discovery.DiscoveryClient    : DiscoveryClient_WALLET-TRANSACTION/ALBIN:wallet-transaction:9000: registering service...
2025-04-06T11:58:41.965+05:30  INFO 1420 --- [wallet-transaction] [main] o.s.b.w.embedded.tomcat.TomcatWebServer  : Tomcat started on port 9000 (http) with context path '/'
2025-04-06T11:58:41.968+05:30  INFO 1420 --- [wallet-transaction] [main] .s.c.n.e.s.EurekaAutoServiceRegistration : Updating port to 9000
2025-04-06T11:58:41.991+05:30  INFO 1420 --- [wallet-transaction] [DiscoveryClient-InstanceInfoReplicator-%d] com.netflix.discovery.DiscoveryClient    : DiscoveryClient_WALLET-TRANSACTION/ALBIN:wallet-transaction:9000 - registration status: 204
2025-04-06T11:58:42.143+05:30  INFO 1420 --- [wallet-transaction] [main] c.example.WalletTransactionApplication   : Started WalletTransactionApplication in 7.225 seconds (process running for 8.907)
2025-04-06T11:59:40.316+05:30  INFO 1420 --- [wallet-transaction] [http-nio-9000-exec-2] o.a.c.c.C.[Tomcat].[localhost].[/]       : Initializing Spring DispatcherServlet 'dispatcherServlet'
2025-04-06T11:59:40.317+05:30  INFO 1420 --- [wallet-transaction] [http-nio-9000-exec-2] o.s.web.servlet.DispatcherServlet        : Initializing Servlet 'dispatcherServlet'
2025-04-06T11:59:40.319+05:30  INFO 1420 --- [wallet-transaction] [http-nio-9000-exec-2] o.s.web.servlet.DispatcherServlet        : Completed initialization in 2 ms
2025-04-06T11:59:40.403+05:30  INFO 1420 --- [wallet-transaction] [http-nio-9000-exec-2] com.example.api.TransactionController    : getting balance from 52 
2025-04-06T12:03:40.750+05:30  INFO 1420 --- [wallet-transaction] [AsyncResolver-bootstrap-executor-%d] c.n.d.s.r.aws.ConfigClusterResolver      : Resolving eureka endpoints via configuration
2025-04-06T12:08:40.767+05:30  INFO 1420 --- [wallet-transaction] [AsyncResolver-bootstrap-executor-%d] c.n.d.s.r.aws.ConfigClusterResolver      : Resolving eureka endpoints via configuration
2025-04-06T12:13:40.771+05:30  INFO 1420 --- [wallet-transaction] [AsyncResolver-bootstrap-executor-%d] c.n.d.s.r.aws.ConfigClusterResolver      : Resolving eureka endpoints via configuration
2025-04-06T12:18:39.563+05:30  INFO 1420 --- [wallet-transaction] [RMI TCP Connection(27)-127.0.0.1] inMXBeanRegistrar$SpringApplicationAdmin : Application shutdown requested.
2025-04-06T12:18:39.566+05:30  INFO 1420 --- [wallet-transaction] [RMI TCP Connection(27)-127.0.0.1] o.s.c.n.e.s.EurekaServiceRegistry        : Unregistering application WALLET-TRANSACTION with eureka with status DOWN
2025-04-06T12:18:39.567+05:30  INFO 1420 --- [wallet-transaction] [RMI TCP Connection(27)-127.0.0.1] com.netflix.discovery.DiscoveryClient    : Saw local status change event StatusChangeEvent [timestamp=1743922119567, current=DOWN, previous=UP]
2025-04-06T12:18:39.572+05:30  INFO 1420 --- [wallet-transaction] [RMI TCP Connection(27)-127.0.0.1] o.s.b.w.e.tomcat.GracefulShutdown        : Commencing graceful shutdown. Waiting for active requests to complete
2025-04-06T12:18:39.577+05:30  INFO 1420 --- [wallet-transaction] [DiscoveryClient-InstanceInfoReplicator-%d] com.netflix.discovery.DiscoveryClient    : DiscoveryClient_WALLET-TRANSACTION/ALBIN:wallet-transaction:9000: registering service...
2025-04-06T12:18:39.635+05:30  INFO 1420 --- [wallet-transaction] [DiscoveryClient-InstanceInfoReplicator-%d] com.netflix.discovery.DiscoveryClient    : DiscoveryClient_WALLET-TRANSACTION/ALBIN:wallet-transaction:9000 - registration status: 204
2025-04-06T12:18:40.603+05:30  INFO 1420 --- [wallet-transaction] [tomcat-shutdown] o.s.b.w.e.tomcat.GracefulShutdown        : Graceful shutdown complete
2025-04-06T12:18:40.613+05:30  INFO 1420 --- [wallet-transaction] [RMI TCP Connection(27)-127.0.0.1] com.netflix.discovery.DiscoveryClient    : Shutting down DiscoveryClient ...
2025-04-06T12:18:40.787+05:30  INFO 1420 --- [wallet-transaction] [AsyncResolver-bootstrap-executor-%d] c.n.d.s.r.aws.ConfigClusterResolver      : Resolving eureka endpoints via configuration
2025-04-06T12:18:43.617+05:30  WARN 1420 --- [wallet-transaction] [DiscoveryClient-%d] c.netflix.discovery.TimedSupervisorTask  : task supervisor shutting down, can't accept the task
2025-04-06T12:18:43.618+05:30  INFO 1420 --- [wallet-transaction] [RMI TCP Connection(27)-127.0.0.1] com.netflix.discovery.DiscoveryClient    : Unregistering ...
2025-04-06T12:18:43.623+05:30  INFO 1420 --- [wallet-transaction] [RMI TCP Connection(27)-127.0.0.1] com.netflix.discovery.DiscoveryClient    : DiscoveryClient_WALLET-TRANSACTION/ALBIN:wallet-transaction:9000 - deregister  status: 200
2025-04-06T12:18:43.623+05:30  INFO 1420 --- [wallet-transaction] [RMI TCP Connection(27)-127.0.0.1] com.netflix.discovery.DiscoveryClient    : Completed shut down of DiscoveryClient
2025-04-06T12:21:34.718+05:30  INFO [wallet-transaction,,] 1760 --- [wallet-transaction] [main] [                                                 ] c.example.WalletTransactionApplication   : Starting WalletTransactionApplication using Java 17.0.10 with PID 1760 (D:\Albin\bckup\MY_WORK_SPACES\jbdl6_MajorProject\wallet-transaction\target\classes started by ALBIN XAVIER in D:\Albin\bckup\MY_WORK_SPACES\jbdl6_MajorProject\wallet-transaction)
2025-04-06T12:21:34.735+05:30  INFO [wallet-transaction,,] 1760 --- [wallet-transaction] [main] [                                                 ] c.example.WalletTransactionApplication   : No active profile set, falling back to 1 default profile: "default"
2025-04-06T12:21:37.246+05:30  INFO [wallet-transaction,,] 1760 --- [wallet-transaction] [main] [                                                 ] o.s.cloud.context.scope.GenericScope     : BeanFactory id=13657289-ce90-32da-8ba1-28efaf8d732d
2025-04-06T12:21:37.899+05:30  INFO [wallet-transaction,,] 1760 --- [wallet-transaction] [main] [                                                 ] o.s.b.w.embedded.tomcat.TomcatWebServer  : Tomcat initialized with port 9000 (http)
2025-04-06T12:21:37.927+05:30  INFO [wallet-transaction,,] 1760 --- [wallet-transaction] [main] [                                                 ] o.apache.catalina.core.StandardService   : Starting service [Tomcat]
2025-04-06T12:21:37.928+05:30  INFO [wallet-transaction,,] 1760 --- [wallet-transaction] [main] [                                                 ] o.apache.catalina.core.StandardEngine    : Starting Servlet engine: [Apache Tomcat/10.1.39]
2025-04-06T12:21:38.079+05:30  INFO [wallet-transaction,,] 1760 --- [wallet-transaction] [main] [                                                 ] o.a.c.c.C.[Tomcat].[localhost].[/]       : Initializing Spring embedded WebApplicationContext
2025-04-06T12:21:38.082+05:30  INFO [wallet-transaction,,] 1760 --- [wallet-transaction] [main] [                                                 ] w.s.c.ServletWebServerApplicationContext : Root WebApplicationContext: initialization completed in 3236 ms
2025-04-06T12:21:40.419+05:30  INFO [wallet-transaction,,] 1760 --- [wallet-transaction] [main] [                                                 ] DiscoveryClientOptionalArgsConfiguration : Eureka HTTP Client uses RestTemplate.
2025-04-06T12:21:40.468+05:30  WARN [wallet-transaction,,] 1760 --- [wallet-transaction] [main] [                                                 ] iguration$LoadBalancerCaffeineWarnLogger : Spring Cloud LoadBalancer is currently working with the default cache. While this cache implementation is useful for development and tests, it's recommended to use Caffeine cache in production.You can switch to using Caffeine cache, by adding it and org.springframework.cache.caffeine.CaffeineCacheManager to the classpath.
2025-04-06T12:21:40.479+05:30  INFO [wallet-transaction,,] 1760 --- [wallet-transaction] [main] [                                                 ] o.s.b.a.e.web.EndpointLinksResolver      : Exposing 1 endpoint beneath base path '/actuator'
2025-04-06T12:21:40.667+05:30  INFO [wallet-transaction,,] 1760 --- [wallet-transaction] [main] [                                                 ] o.s.c.n.eureka.InstanceInfoFactory       : Setting initial instance status as: STARTING
2025-04-06T12:21:40.755+05:30  INFO [wallet-transaction,,] 1760 --- [wallet-transaction] [main] [                                                 ] com.netflix.discovery.DiscoveryClient    : Initializing Eureka in region us-east-1
2025-04-06T12:21:40.762+05:30  INFO [wallet-transaction,,] 1760 --- [wallet-transaction] [main] [                                                 ] c.n.d.s.r.aws.ConfigClusterResolver      : Resolving eureka endpoints via configuration
2025-04-06T12:21:40.809+05:30  INFO [wallet-transaction,,] 1760 --- [wallet-transaction] [main] [                                                 ] com.netflix.discovery.DiscoveryClient    : Disable delta property : false
2025-04-06T12:21:40.810+05:30  INFO [wallet-transaction,,] 1760 --- [wallet-transaction] [main] [                                                 ] com.netflix.discovery.DiscoveryClient    : Single vip registry refresh property : null
2025-04-06T12:21:40.816+05:30  INFO [wallet-transaction,,] 1760 --- [wallet-transaction] [main] [                                                 ] com.netflix.discovery.DiscoveryClient    : Force full registry fetch : false
2025-04-06T12:21:40.816+05:30  INFO [wallet-transaction,,] 1760 --- [wallet-transaction] [main] [                                                 ] com.netflix.discovery.DiscoveryClient    : Application is null : false
2025-04-06T12:21:40.817+05:30  INFO [wallet-transaction,,] 1760 --- [wallet-transaction] [main] [                                                 ] com.netflix.discovery.DiscoveryClient    : Registered Applications size is zero : true
2025-04-06T12:21:40.819+05:30  INFO [wallet-transaction,,] 1760 --- [wallet-transaction] [main] [                                                 ] com.netflix.discovery.DiscoveryClient    : Application version is -1: true
2025-04-06T12:21:40.824+05:30  INFO [wallet-transaction,,] 1760 --- [wallet-transaction] [main] [                                                 ] com.netflix.discovery.DiscoveryClient    : Getting all instance registry info from the eureka server
2025-04-06T12:21:42.007+05:30  INFO [wallet-transaction,,] 1760 --- [wallet-transaction] [main] [                                                 ] com.netflix.discovery.DiscoveryClient    : The response status is 200
2025-04-06T12:21:42.019+05:30  INFO [wallet-transaction,,] 1760 --- [wallet-transaction] [main] [                                                 ] com.netflix.discovery.DiscoveryClient    : Starting heartbeat executor: renew interval is: 30
2025-04-06T12:21:42.025+05:30  INFO [wallet-transaction,,] 1760 --- [wallet-transaction] [main] [                                                 ] c.n.discovery.InstanceInfoReplicator     : InstanceInfoReplicator onDemand update allowed rate per min is 4
2025-04-06T12:21:42.036+05:30  INFO [wallet-transaction,,] 1760 --- [wallet-transaction] [main] [                                                 ] com.netflix.discovery.DiscoveryClient    : Discovery Client initialized at timestamp 1743922302028 with initial instances count: 2
2025-04-06T12:21:42.056+05:30  INFO [wallet-transaction,,] 1760 --- [wallet-transaction] [main] [                                                 ] o.s.c.n.e.s.EurekaServiceRegistry        : Registering application WALLET-TRANSACTION with eureka with status UP
2025-04-06T12:21:42.059+05:30  INFO [wallet-transaction,,] 1760 --- [wallet-transaction] [main] [                                                 ] com.netflix.discovery.DiscoveryClient    : Saw local status change event StatusChangeEvent [timestamp=1743922302059, current=UP, previous=STARTING]
2025-04-06T12:21:42.066+05:30  INFO [wallet-transaction,,] 1760 --- [wallet-transaction] [DiscoveryClient-InstanceInfoReplicator-%d] [                                                 ] com.netflix.discovery.DiscoveryClient    : DiscoveryClient_WALLET-TRANSACTION/ALBIN:wallet-transaction:9000: registering service...
2025-04-06T12:21:42.182+05:30  INFO [wallet-transaction,,] 1760 --- [wallet-transaction] [main] [                                                 ] o.s.b.w.embedded.tomcat.TomcatWebServer  : Tomcat started on port 9000 (http) with context path '/'
2025-04-06T12:21:42.184+05:30  INFO [wallet-transaction,,] 1760 --- [wallet-transaction] [main] [                                                 ] .s.c.n.e.s.EurekaAutoServiceRegistration : Updating port to 9000
2025-04-06T12:21:42.256+05:30  INFO [wallet-transaction,,] 1760 --- [wallet-transaction] [DiscoveryClient-InstanceInfoReplicator-%d] [                                                 ] com.netflix.discovery.DiscoveryClient    : DiscoveryClient_WALLET-TRANSACTION/ALBIN:wallet-transaction:9000 - registration status: 204
2025-04-06T12:21:43.188+05:30  INFO [wallet-transaction,,] 1760 --- [wallet-transaction] [main] [                                                 ] c.example.WalletTransactionApplication   : Started WalletTransactionApplication in 9.708 seconds (process running for 11.356)
2025-04-06T12:21:44.423+05:30  INFO [wallet-transaction,,] 1760 --- [wallet-transaction] [RMI TCP Connection(6)-127.0.0.1] [                                                 ] o.a.c.c.C.[Tomcat].[localhost].[/]       : Initializing Spring DispatcherServlet 'dispatcherServlet'
2025-04-06T12:21:44.425+05:30  INFO [wallet-transaction,,] 1760 --- [wallet-transaction] [RMI TCP Connection(6)-127.0.0.1] [                                                 ] o.s.web.servlet.DispatcherServlet        : Initializing Servlet 'dispatcherServlet'
2025-04-06T12:21:44.429+05:30  INFO [wallet-transaction,,] 1760 --- [wallet-transaction] [RMI TCP Connection(6)-127.0.0.1] [                                                 ] o.s.web.servlet.DispatcherServlet        : Completed initialization in 4 ms
2025-04-06T12:22:46.493+05:30  INFO [wallet-transaction,344aafa6b71e189f13893a9efba0cab9,696fff22b25bf212] 1760 --- [wallet-transaction] [http-nio-9000-exec-1] [344aafa6b71e189f13893a9efba0cab9-696fff22b25bf212] com.example.api.TransactionController    : getting balance from 52 
2025-04-06T12:25:32.929+05:30  INFO [wallet-transaction,69ee10b6bbd51a8f6cea6c36dd9d95d5,622f1d7450d7a1d2] 1760 --- [wallet-transaction] [http-nio-9000-exec-2] [69ee10b6bbd51a8f6cea6c36dd9d95d5-622f1d7450d7a1d2] com.example.api.TransactionController    : getting balance from 52 
2025-04-06T12:26:38.079+05:30  INFO [wallet-transaction,a5a68c9edef388949c4d7a3b81ae1b73,583f6d23d7e5d9c3] 1760 --- [wallet-transaction] [http-nio-9000-exec-5] [a5a68c9edef388949c4d7a3b81ae1b73-583f6d23d7e5d9c3] com.example.api.TransactionController    : getting balance from 52 
2025-04-06T12:26:40.828+05:30  INFO [wallet-transaction,,] 1760 --- [wallet-transaction] [AsyncResolver-bootstrap-executor-%d] [                                                 ] c.n.d.s.r.aws.ConfigClusterResolver      : Resolving eureka endpoints via configuration
2025-04-06T12:31:40.841+05:30  INFO [wallet-transaction,,] 1760 --- [wallet-transaction] [AsyncResolver-bootstrap-executor-%d] [                                                 ] c.n.d.s.r.aws.ConfigClusterResolver      : Resolving eureka endpoints via configuration
2025-04-06T12:33:54.114+05:30  INFO [wallet-transaction,,] 1760 --- [wallet-transaction] [RMI TCP Connection(20)-127.0.0.1] [                                                 ] inMXBeanRegistrar$SpringApplicationAdmin : Application shutdown requested.
2025-04-06T12:33:54.116+05:30  INFO [wallet-transaction,,] 1760 --- [wallet-transaction] [RMI TCP Connection(20)-127.0.0.1] [                                                 ] o.s.c.n.e.s.EurekaServiceRegistry        : Unregistering application WALLET-TRANSACTION with eureka with status DOWN
2025-04-06T12:33:54.117+05:30  INFO [wallet-transaction,,] 1760 --- [wallet-transaction] [RMI TCP Connection(20)-127.0.0.1] [                                                 ] com.netflix.discovery.DiscoveryClient    : Saw local status change event StatusChangeEvent [timestamp=1743923034117, current=DOWN, previous=UP]
2025-04-06T12:33:54.118+05:30  INFO [wallet-transaction,,] 1760 --- [wallet-transaction] [DiscoveryClient-InstanceInfoReplicator-%d] [                                                 ] com.netflix.discovery.DiscoveryClient    : DiscoveryClient_WALLET-TRANSACTION/ALBIN:wallet-transaction:9000: registering service...
2025-04-06T12:33:54.122+05:30  INFO [wallet-transaction,,] 1760 --- [wallet-transaction] [RMI TCP Connection(20)-127.0.0.1] [                                                 ] o.s.b.w.e.tomcat.GracefulShutdown        : Commencing graceful shutdown. Waiting for active requests to complete
2025-04-06T12:33:54.138+05:30  INFO [wallet-transaction,,] 1760 --- [wallet-transaction] [DiscoveryClient-InstanceInfoReplicator-%d] [                                                 ] com.netflix.discovery.DiscoveryClient    : DiscoveryClient_WALLET-TRANSACTION/ALBIN:wallet-transaction:9000 - registration status: 204
2025-04-06T12:33:54.485+05:30  INFO [wallet-transaction,,] 1760 --- [wallet-transaction] [tomcat-shutdown] [                                                 ] o.s.b.w.e.tomcat.GracefulShutdown        : Graceful shutdown complete
2025-04-06T12:33:54.515+05:30  INFO [wallet-transaction,,] 1760 --- [wallet-transaction] [RMI TCP Connection(20)-127.0.0.1] [                                                 ] com.netflix.discovery.DiscoveryClient    : Shutting down DiscoveryClient ...
2025-04-06T12:33:57.524+05:30  INFO [wallet-transaction,,] 1760 --- [wallet-transaction] [RMI TCP Connection(20)-127.0.0.1] [                                                 ] com.netflix.discovery.DiscoveryClient    : Unregistering ...
2025-04-06T12:33:57.540+05:30  INFO [wallet-transaction,,] 1760 --- [wallet-transaction] [RMI TCP Connection(20)-127.0.0.1] [                                                 ] com.netflix.discovery.DiscoveryClient    : DiscoveryClient_WALLET-TRANSACTION/ALBIN:wallet-transaction:9000 - deregister  status: 200
2025-04-06T12:33:57.541+05:30  INFO [wallet-transaction,,] 1760 --- [wallet-transaction] [RMI TCP Connection(20)-127.0.0.1] [                                                 ] com.netflix.discovery.DiscoveryClient    : Completed shut down of DiscoveryClient
2025-04-06T12:34:01.946+05:30  INFO [wallet-transaction,,] 18972 --- [wallet-transaction] [main] [                                                 ] c.example.WalletTransactionApplication   : Starting WalletTransactionApplication using Java 17.0.10 with PID 18972 (D:\Albin\bckup\MY_WORK_SPACES\jbdl6_MajorProject\wallet-transaction\target\classes started by ALBIN XAVIER in D:\Albin\bckup\MY_WORK_SPACES\jbdl6_MajorProject\wallet-transaction)
2025-04-06T12:34:01.953+05:30  INFO [wallet-transaction,,] 18972 --- [wallet-transaction] [main] [                                                 ] c.example.WalletTransactionApplication   : No active profile set, falling back to 1 default profile: "default"
2025-04-06T12:34:03.883+05:30  INFO [wallet-transaction,,] 18972 --- [wallet-transaction] [main] [                                                 ] o.s.cloud.context.scope.GenericScope     : BeanFactory id=13657289-ce90-32da-8ba1-28efaf8d732d
2025-04-06T12:34:04.394+05:30  INFO [wallet-transaction,,] 18972 --- [wallet-transaction] [main] [                                                 ] o.s.b.w.embedded.tomcat.TomcatWebServer  : Tomcat initialized with port 9000 (http)
2025-04-06T12:34:04.428+05:30  INFO [wallet-transaction,,] 18972 --- [wallet-transaction] [main] [                                                 ] o.apache.catalina.core.StandardService   : Starting service [Tomcat]
2025-04-06T12:34:04.429+05:30  INFO [wallet-transaction,,] 18972 --- [wallet-transaction] [main] [                                                 ] o.apache.catalina.core.StandardEngine    : Starting Servlet engine: [Apache Tomcat/10.1.39]
2025-04-06T12:34:04.578+05:30  INFO [wallet-transaction,,] 18972 --- [wallet-transaction] [main] [                                                 ] o.a.c.c.C.[Tomcat].[localhost].[/]       : Initializing Spring embedded WebApplicationContext
2025-04-06T12:34:04.579+05:30  INFO [wallet-transaction,,] 18972 --- [wallet-transaction] [main] [                                                 ] w.s.c.ServletWebServerApplicationContext : Root WebApplicationContext: initialization completed in 2521 ms
2025-04-06T12:34:06.510+05:30  INFO [wallet-transaction,,] 18972 --- [wallet-transaction] [main] [                                                 ] DiscoveryClientOptionalArgsConfiguration : Eureka HTTP Client uses RestTemplate.
2025-04-06T12:34:06.562+05:30  WARN [wallet-transaction,,] 18972 --- [wallet-transaction] [main] [                                                 ] iguration$LoadBalancerCaffeineWarnLogger : Spring Cloud LoadBalancer is currently working with the default cache. While this cache implementation is useful for development and tests, it's recommended to use Caffeine cache in production.You can switch to using Caffeine cache, by adding it and org.springframework.cache.caffeine.CaffeineCacheManager to the classpath.
2025-04-06T12:34:06.576+05:30  INFO [wallet-transaction,,] 18972 --- [wallet-transaction] [main] [                                                 ] o.s.b.a.e.web.EndpointLinksResolver      : Exposing 1 endpoint beneath base path '/actuator'
2025-04-06T12:34:06.682+05:30  INFO [wallet-transaction,,] 18972 --- [wallet-transaction] [main] [                                                 ] o.s.c.n.eureka.InstanceInfoFactory       : Setting initial instance status as: STARTING
2025-04-06T12:34:06.727+05:30  INFO [wallet-transaction,,] 18972 --- [wallet-transaction] [main] [                                                 ] com.netflix.discovery.DiscoveryClient    : Initializing Eureka in region us-east-1
2025-04-06T12:34:06.736+05:30  INFO [wallet-transaction,,] 18972 --- [wallet-transaction] [main] [                                                 ] c.n.d.s.r.aws.ConfigClusterResolver      : Resolving eureka endpoints via configuration
2025-04-06T12:34:06.761+05:30  INFO [wallet-transaction,,] 18972 --- [wallet-transaction] [main] [                                                 ] com.netflix.discovery.DiscoveryClient    : Disable delta property : false
2025-04-06T12:34:06.762+05:30  INFO [wallet-transaction,,] 18972 --- [wallet-transaction] [main] [                                                 ] com.netflix.discovery.DiscoveryClient    : Single vip registry refresh property : null
2025-04-06T12:34:06.763+05:30  INFO [wallet-transaction,,] 18972 --- [wallet-transaction] [main] [                                                 ] com.netflix.discovery.DiscoveryClient    : Force full registry fetch : false
2025-04-06T12:34:06.764+05:30  INFO [wallet-transaction,,] 18972 --- [wallet-transaction] [main] [                                                 ] com.netflix.discovery.DiscoveryClient    : Application is null : false
2025-04-06T12:34:06.765+05:30  INFO [wallet-transaction,,] 18972 --- [wallet-transaction] [main] [                                                 ] com.netflix.discovery.DiscoveryClient    : Registered Applications size is zero : true
2025-04-06T12:34:06.766+05:30  INFO [wallet-transaction,,] 18972 --- [wallet-transaction] [main] [                                                 ] com.netflix.discovery.DiscoveryClient    : Application version is -1: true
2025-04-06T12:34:06.768+05:30  INFO [wallet-transaction,,] 18972 --- [wallet-transaction] [main] [                                                 ] com.netflix.discovery.DiscoveryClient    : Getting all instance registry info from the eureka server
2025-04-06T12:34:07.161+05:30  INFO [wallet-transaction,,] 18972 --- [wallet-transaction] [main] [                                                 ] com.netflix.discovery.DiscoveryClient    : The response status is 200
2025-04-06T12:34:07.164+05:30  INFO [wallet-transaction,,] 18972 --- [wallet-transaction] [main] [                                                 ] com.netflix.discovery.DiscoveryClient    : Starting heartbeat executor: renew interval is: 30
2025-04-06T12:34:07.167+05:30  INFO [wallet-transaction,,] 18972 --- [wallet-transaction] [main] [                                                 ] c.n.discovery.InstanceInfoReplicator     : InstanceInfoReplicator onDemand update allowed rate per min is 4
2025-04-06T12:34:07.170+05:30  INFO [wallet-transaction,,] 18972 --- [wallet-transaction] [main] [                                                 ] com.netflix.discovery.DiscoveryClient    : Discovery Client initialized at timestamp 1743923047169 with initial instances count: 4
2025-04-06T12:34:07.184+05:30  INFO [wallet-transaction,,] 18972 --- [wallet-transaction] [main] [                                                 ] o.s.c.n.e.s.EurekaServiceRegistry        : Registering application WALLET-TRANSACTION with eureka with status UP
2025-04-06T12:34:07.187+05:30  INFO [wallet-transaction,,] 18972 --- [wallet-transaction] [main] [                                                 ] com.netflix.discovery.DiscoveryClient    : Saw local status change event StatusChangeEvent [timestamp=1743923047187, current=UP, previous=STARTING]
2025-04-06T12:34:07.190+05:30  INFO [wallet-transaction,,] 18972 --- [wallet-transaction] [DiscoveryClient-InstanceInfoReplicator-%d] [                                                 ] com.netflix.discovery.DiscoveryClient    : DiscoveryClient_WALLET-TRANSACTION/ALBIN:wallet-transaction:9000: registering service...
2025-04-06T12:34:07.232+05:30  INFO [wallet-transaction,,] 18972 --- [wallet-transaction] [main] [                                                 ] o.s.b.w.embedded.tomcat.TomcatWebServer  : Tomcat started on port 9000 (http) with context path '/'
2025-04-06T12:34:07.234+05:30  INFO [wallet-transaction,,] 18972 --- [wallet-transaction] [main] [                                                 ] .s.c.n.e.s.EurekaAutoServiceRegistration : Updating port to 9000
2025-04-06T12:34:07.295+05:30  INFO [wallet-transaction,,] 18972 --- [wallet-transaction] [DiscoveryClient-InstanceInfoReplicator-%d] [                                                 ] com.netflix.discovery.DiscoveryClient    : DiscoveryClient_WALLET-TRANSACTION/ALBIN:wallet-transaction:9000 - registration status: 204
2025-04-06T12:34:07.516+05:30  INFO [wallet-transaction,,] 18972 --- [wallet-transaction] [main] [                                                 ] c.example.WalletTransactionApplication   : Started WalletTransactionApplication in 6.499 seconds (process running for 8.246)
2025-04-06T12:34:08.054+05:30  INFO [wallet-transaction,,] 18972 --- [wallet-transaction] [RMI TCP Connection(6)-127.0.0.1] [                                                 ] o.a.c.c.C.[Tomcat].[localhost].[/]       : Initializing Spring DispatcherServlet 'dispatcherServlet'
2025-04-06T12:34:08.056+05:30  INFO [wallet-transaction,,] 18972 --- [wallet-transaction] [RMI TCP Connection(6)-127.0.0.1] [                                                 ] o.s.web.servlet.DispatcherServlet        : Initializing Servlet 'dispatcherServlet'
2025-04-06T12:34:08.059+05:30  INFO [wallet-transaction,,] 18972 --- [wallet-transaction] [RMI TCP Connection(6)-127.0.0.1] [                                                 ] o.s.web.servlet.DispatcherServlet        : Completed initialization in 3 ms
2025-04-06T12:34:18.779+05:30  INFO [wallet-transaction,4ae2dfeb0813ff33e9687256f171bdc6,606a59d5f5cbcce3] 18972 --- [wallet-transaction] [http-nio-9000-exec-3] [4ae2dfeb0813ff33e9687256f171bdc6-606a59d5f5cbcce3] com.example.api.TransactionController    : getting balance from 52 
2025-04-06T12:35:20.263+05:30  INFO [wallet-transaction,65596de00c55cd0d20e3371aff90c163,effbdcfac0cdc3af] 18972 --- [wallet-transaction] [http-nio-9000-exec-1] [65596de00c55cd0d20e3371aff90c163-effbdcfac0cdc3af] com.example.api.TransactionController    : getting balance from 52 
2025-04-06T12:35:29.425+05:30  INFO [wallet-transaction,0a4f87a1889f25e72cf67fad4499872b,ea777f578f678064] 18972 --- [wallet-transaction] [http-nio-9000-exec-4] [0a4f87a1889f25e72cf67fad4499872b-ea777f578f678064] com.example.api.TransactionController    : getting balance from 52 
2025-04-06T12:39:06.802+05:30  INFO [wallet-transaction,,] 18972 --- [wallet-transaction] [AsyncResolver-bootstrap-executor-%d] [                                                 ] c.n.d.s.r.aws.ConfigClusterResolver      : Resolving eureka endpoints via configuration
2025-04-06T12:44:06.807+05:30  INFO [wallet-transaction,,] 18972 --- [wallet-transaction] [AsyncResolver-bootstrap-executor-%d] [                                                 ] c.n.d.s.r.aws.ConfigClusterResolver      : Resolving eureka endpoints via configuration
2025-04-06T12:49:06.816+05:30  INFO [wallet-transaction,,] 18972 --- [wallet-transaction] [AsyncResolver-bootstrap-executor-%d] [                                                 ] c.n.d.s.r.aws.ConfigClusterResolver      : Resolving eureka endpoints via configuration
2025-04-06T12:54:06.828+05:30  INFO [wallet-transaction,,] 18972 --- [wallet-transaction] [AsyncResolver-bootstrap-executor-%d] [                                                 ] c.n.d.s.r.aws.ConfigClusterResolver      : Resolving eureka endpoints via configuration
2025-04-06T12:59:06.837+05:30  INFO [wallet-transaction,,] 18972 --- [wallet-transaction] [AsyncResolver-bootstrap-executor-%d] [                                                 ] c.n.d.s.r.aws.ConfigClusterResolver      : Resolving eureka endpoints via configuration
2025-04-06T13:03:14.282+05:30  INFO [wallet-transaction,2d35d3a56b98aea1f57d0e23f66c725b,1d198d2eff76fc3e] 18972 --- [wallet-transaction] [http-nio-9000-exec-6] [2d35d3a56b98aea1f57d0e23f66c725b-1d198d2eff76fc3e] com.example.api.TransactionController    : getting balance from 52 
2025-04-06T13:04:06.846+05:30  INFO [wallet-transaction,,] 18972 --- [wallet-transaction] [AsyncResolver-bootstrap-executor-%d] [                                                 ] c.n.d.s.r.aws.ConfigClusterResolver      : Resolving eureka endpoints via configuration
2025-04-06T13:09:06.849+05:30  INFO [wallet-transaction,,] 18972 --- [wallet-transaction] [AsyncResolver-bootstrap-executor-%d] [                                                 ] c.n.d.s.r.aws.ConfigClusterResolver      : Resolving eureka endpoints via configuration
2025-04-06T13:14:06.854+05:30  INFO [wallet-transaction,,] 18972 --- [wallet-transaction] [AsyncResolver-bootstrap-executor-%d] [                                                 ] c.n.d.s.r.aws.ConfigClusterResolver      : Resolving eureka endpoints via configuration
2025-04-06T13:19:06.863+05:30  INFO [wallet-transaction,,] 18972 --- [wallet-transaction] [AsyncResolver-bootstrap-executor-%d] [                                                 ] c.n.d.s.r.aws.ConfigClusterResolver      : Resolving eureka endpoints via configuration
2025-04-06T13:24:06.865+05:30  INFO [wallet-transaction,,] 18972 --- [wallet-transaction] [AsyncResolver-bootstrap-executor-%d] [                                                 ] c.n.d.s.r.aws.ConfigClusterResolver      : Resolving eureka endpoints via configuration
2025-04-06T13:29:06.871+05:30  INFO [wallet-transaction,,] 18972 --- [wallet-transaction] [AsyncResolver-bootstrap-executor-%d] [                                                 ] c.n.d.s.r.aws.ConfigClusterResolver      : Resolving eureka endpoints via configuration
2025-04-06T13:34:06.884+05:30  INFO [wallet-transaction,,] 18972 --- [wallet-transaction] [AsyncResolver-bootstrap-executor-%d] [                                                 ] c.n.d.s.r.aws.ConfigClusterResolver      : Resolving eureka endpoints via configuration
2025-04-06T13:36:43.191+05:30  WARN [wallet-transaction,,] 18972 --- [wallet-transaction] [BatchSpanProcessor_WorkerThread-1] [                                                 ] i.o.exporter.zipkin.ZipkinSpanExporter   : Failed to export spans

org.springframework.web.client.ResourceAccessException: I/O error on POST request for "http://localhost:9411/api/v2/spans": Connect to http://localhost:9411 [localhost/127.0.0.1, localhost/0:0:0:0:0:0:0:1] failed: Connection refused: no further information
	at org.springframework.web.client.RestTemplate.createResourceAccessException(RestTemplate.java:926) ~[spring-web-6.2.5.jar:6.2.5]
	at org.springframework.web.client.RestTemplate.doExecute(RestTemplate.java:906) ~[spring-web-6.2.5.jar:6.2.5]
	at org.springframework.web.client.RestTemplate.execute(RestTemplate.java:841) ~[spring-web-6.2.5.jar:6.2.5]
	at org.springframework.web.client.RestTemplate.exchange(RestTemplate.java:702) ~[spring-web-6.2.5.jar:6.2.5]
	at org.springframework.boot.actuate.autoconfigure.tracing.zipkin.ZipkinRestTemplateSender.postSpans(ZipkinRestTemplateSender.java:50) ~[spring-boot-actuator-autoconfigure-3.4.4.jar:3.4.4]
	at org.springframework.boot.actuate.autoconfigure.tracing.zipkin.HttpSender.postSpans(HttpSender.java:69) ~[spring-boot-actuator-autoconfigure-3.4.4.jar:3.4.4]
	at org.springframework.boot.actuate.autoconfigure.tracing.zipkin.HttpSender.postSpans(HttpSender.java:41) ~[spring-boot-actuator-autoconfigure-3.4.4.jar:3.4.4]
	at zipkin2.reporter.BaseHttpSender.send(BaseHttpSender.java:123) ~[zipkin-reporter-3.4.3.jar:na]
	at io.opentelemetry.exporter.zipkin.ZipkinSpanExporter.lambda$export$0(ZipkinSpanExporter.java:83) ~[opentelemetry-exporter-zipkin-1.43.0.jar:1.43.0]
	at io.opentelemetry.context.Context.lambda$wrap$1(Context.java:241) ~[opentelemetry-context-1.43.0.jar:1.43.0]
	at io.opentelemetry.api.internal.InstrumentationUtil.suppressInstrumentation(InstrumentationUtil.java:28) ~[opentelemetry-api-1.43.0.jar:1.43.0]
	at io.opentelemetry.exporter.zipkin.ZipkinSpanExporter.export(ZipkinSpanExporter.java:80) ~[opentelemetry-exporter-zipkin-1.43.0.jar:1.43.0]
	at io.micrometer.tracing.otel.bridge.CompositeSpanExporter.lambda$export$3(CompositeSpanExporter.java:90) ~[micrometer-tracing-bridge-otel-1.4.4.jar:1.4.4]
	at java.base/java.lang.Iterable.forEach(Iterable.java:75) ~[na:na]
	at io.micrometer.tracing.otel.bridge.CompositeSpanExporter.export(CompositeSpanExporter.java:90) ~[micrometer-tracing-bridge-otel-1.4.4.jar:1.4.4]
	at io.opentelemetry.sdk.trace.export.BatchSpanProcessor$Worker.exportCurrentBatch(BatchSpanProcessor.java:340) ~[opentelemetry-sdk-trace-1.43.0.jar:1.43.0]
	at io.opentelemetry.sdk.trace.export.BatchSpanProcessor$Worker.run(BatchSpanProcessor.java:258) ~[opentelemetry-sdk-trace-1.43.0.jar:1.43.0]
	at java.base/java.lang.Thread.run(Thread.java:840) ~[na:na]
Caused by: org.apache.hc.client5.http.HttpHostConnectException: Connect to http://localhost:9411 [localhost/127.0.0.1, localhost/0:0:0:0:0:0:0:1] failed: Connection refused: no further information
	at java.base/sun.nio.ch.Net.pollConnect(Native Method) ~[na:na]
	at java.base/sun.nio.ch.Net.pollConnectNow(Net.java:672) ~[na:na]
	at java.base/sun.nio.ch.NioSocketImpl.timedFinishConnect(NioSocketImpl.java:547) ~[na:na]
	at java.base/sun.nio.ch.NioSocketImpl.connect(NioSocketImpl.java:602) ~[na:na]
	at java.base/java.net.SocksSocketImpl.connect(SocksSocketImpl.java:327) ~[na:na]
	at java.base/java.net.Socket.connect(Socket.java:633) ~[na:na]
	at org.apache.hc.client5.http.impl.io.DefaultHttpClientConnectionOperator.connect(DefaultHttpClientConnectionOperator.java:216) ~[httpclient5-5.4.2.jar:5.4.2]
	at org.apache.hc.client5.http.impl.io.PoolingHttpClientConnectionManager.connect(PoolingHttpClientConnectionManager.java:490) ~[httpclient5-5.4.2.jar:5.4.2]
	at org.apache.hc.client5.http.impl.classic.InternalExecRuntime.connectEndpoint(InternalExecRuntime.java:164) ~[httpclient5-5.4.2.jar:5.4.2]
	at org.apache.hc.client5.http.impl.classic.InternalExecRuntime.connectEndpoint(InternalExecRuntime.java:174) ~[httpclient5-5.4.2.jar:5.4.2]
	at org.apache.hc.client5.http.impl.classic.ConnectExec.execute(ConnectExec.java:144) ~[httpclient5-5.4.2.jar:5.4.2]
	at org.apache.hc.client5.http.impl.classic.ExecChainElement.execute(ExecChainElement.java:51) ~[httpclient5-5.4.2.jar:5.4.2]
	at org.apache.hc.client5.http.impl.classic.ProtocolExec.execute(ProtocolExec.java:192) ~[httpclient5-5.4.2.jar:5.4.2]
	at org.apache.hc.client5.http.impl.classic.ExecChainElement.execute(ExecChainElement.java:51) ~[httpclient5-5.4.2.jar:5.4.2]
	at org.apache.hc.client5.http.impl.classic.ContentCompressionExec.execute(ContentCompressionExec.java:150) ~[httpclient5-5.4.2.jar:5.4.2]
	at org.apache.hc.client5.http.impl.classic.ExecChainElement.execute(ExecChainElement.java:51) ~[httpclient5-5.4.2.jar:5.4.2]
	at org.apache.hc.client5.http.impl.classic.HttpRequestRetryExec.execute(HttpRequestRetryExec.java:113) ~[httpclient5-5.4.2.jar:5.4.2]
	at org.apache.hc.client5.http.impl.classic.ExecChainElement.execute(ExecChainElement.java:51) ~[httpclient5-5.4.2.jar:5.4.2]
	at org.apache.hc.client5.http.impl.classic.RedirectExec.execute(RedirectExec.java:110) ~[httpclient5-5.4.2.jar:5.4.2]
	at org.apache.hc.client5.http.impl.classic.ExecChainElement.execute(ExecChainElement.java:51) ~[httpclient5-5.4.2.jar:5.4.2]
	at org.apache.hc.client5.http.impl.classic.InternalHttpClient.doExecute(InternalHttpClient.java:174) ~[httpclient5-5.4.2.jar:5.4.2]
	at org.apache.hc.client5.http.impl.classic.CloseableHttpClient.execute(CloseableHttpClient.java:87) ~[httpclient5-5.4.2.jar:5.4.2]
	at org.apache.hc.client5.http.impl.classic.CloseableHttpClient.execute(CloseableHttpClient.java:55) ~[httpclient5-5.4.2.jar:5.4.2]
	at org.apache.hc.client5.http.classic.HttpClient.executeOpen(HttpClient.java:183) ~[httpclient5-5.4.2.jar:5.4.2]
	at org.springframework.http.client.HttpComponentsClientHttpRequest.executeInternal(HttpComponentsClientHttpRequest.java:99) ~[spring-web-6.2.5.jar:6.2.5]
	at org.springframework.http.client.AbstractStreamingClientHttpRequest.executeInternal(AbstractStreamingClientHttpRequest.java:71) ~[spring-web-6.2.5.jar:6.2.5]
	at org.springframework.http.client.AbstractClientHttpRequest.execute(AbstractClientHttpRequest.java:81) ~[spring-web-6.2.5.jar:6.2.5]
	at org.springframework.web.client.RestTemplate.doExecute(RestTemplate.java:900) ~[spring-web-6.2.5.jar:6.2.5]
	... 16 common frames omitted

2025-04-06T13:39:06.898+05:30  INFO [wallet-transaction,,] 18972 --- [wallet-transaction] [AsyncResolver-bootstrap-executor-%d] [                                                 ] c.n.d.s.r.aws.ConfigClusterResolver      : Resolving eureka endpoints via configuration
2025-04-06T13:44:06.905+05:30  INFO [wallet-transaction,,] 18972 --- [wallet-transaction] [AsyncResolver-bootstrap-executor-%d] [                                                 ] c.n.d.s.r.aws.ConfigClusterResolver      : Resolving eureka endpoints via configuration
2025-04-06T13:49:06.913+05:30  INFO [wallet-transaction,,] 18972 --- [wallet-transaction] [AsyncResolver-bootstrap-executor-%d] [                                                 ] c.n.d.s.r.aws.ConfigClusterResolver      : Resolving eureka endpoints via configuration
